TN:
SF:C:\Users\ralle\Documents\Projekter\Bachelor\HMS-Backend\src\app.controller.ts
FN:6,(anonymous_2)
FN:9,(anonymous_3)
FNF:2
FNH:2
FNDA:1,(anonymous_2)
FNDA:1,(anonymous_3)
DA:1,1
DA:2,1
DA:5,1
DA:6,1
DA:9,1
DA:10,1
LF:6
LH:6
BRF:0
BRH:0
end_of_record
TN:
SF:C:\Users\ralle\Documents\Projekter\Bachelor\HMS-Backend\src\app.service.ts
FN:5,(anonymous_1)
FNF:1
FNH:1
FNDA:1,(anonymous_1)
DA:1,1
DA:4,1
DA:6,1
LF:3
LH:3
BRF:0
BRH:0
end_of_record
TN:
SF:C:\Users\ralle\Documents\Projekter\Bachelor\HMS-Backend\src\new-controller\new-controller.controller.ts
FN:7,(anonymous_2)
FNF:1
FNH:0
FNDA:0,(anonymous_2)
DA:1,1
DA:4,1
DA:7,1
DA:8,0
LF:4
LH:3
BRF:0
BRH:0
end_of_record
